=== 飞镖检测程序启动: Fri Oct  3 03:41:30 AM CST 2025 ===
当前目录: /home/orangepi/Robogame/opencv/src
检查Python环境...
Python 3.10.12
sys.path= ['', '/home/orangepi/.local/lib/python3.10/site-packages', '/home/orangepi/Robogame/opencv/src', '/usr/lib/python310.zip', '/usr/lib/python3.10', '/usr/lib/python3.10/lib-dynload', '/usr/local/lib/python3.10/dist-packages', '/usr/lib/python3/dist-packages']
numpy检查通过
开始执行主程序: Fri Oct  3 03:41:56 AM CST 2025
程序退出: Fri Oct  3 03:44:36 AM CST 2025
=== 飞镖检测程序启动: Fri Oct  3 05:35:19 AM CST 2025 ===
当前目录: /home/orangepi/Robogame/opencv/src
检查Python环境...
Python 3.10.12
sys.path= ['', '/home/orangepi/.local/lib/python3.10/site-packages', '/home/orangepi/Robogame/opencv/src', '/usr/lib/python310.zip', '/usr/lib/python3.10', '/usr/lib/python3.10/lib-dynload', '/usr/local/lib/python3.10/dist-packages', '/usr/lib/python3/dist-packages']
numpy检查通过
开始执行主程序: Fri Oct  3 05:35:34 AM CST 2025
程序退出: Fri Oct  3 05:52:35 AM CST 2025
=== 飞镖检测程序启动: Fri Oct  3 08:19:07 AM CST 2025 ===
当前目录: /home/orangepi/Robogame/opencv/src
检查Python环境...
Python 3.10.12
sys.path= ['', '/home/orangepi/.local/lib/python3.10/site-packages', '/home/orangepi/Robogame/opencv/src', '/usr/lib/python310.zip', '/usr/lib/python3.10', '/usr/lib/python3.10/lib-dynload', '/usr/local/lib/python3.10/dist-packages', '/usr/lib/python3/dist-packages']
numpy检查通过
开始执行主程序: Fri Oct  3 08:19:22 AM CST 2025
程序退出: Fri Oct  3 08:21:21 AM CST 2025
=== 飞镖检测程序启动: Fri Oct  3 09:17:04 AM CST 2025 ===
当前目录: /home/orangepi/Robogame/opencv/src
检查Python环境...
Python 3.10.12
sys.path= ['', '/home/orangepi/.local/lib/python3.10/site-packages', '/home/orangepi/Robogame/opencv/src', '/usr/lib/python310.zip', '/usr/lib/python3.10', '/usr/lib/python3.10/lib-dynload', '/usr/local/lib/python3.10/dist-packages', '/usr/lib/python3/dist-packages']
numpy检查通过
开始执行主程序: Fri Oct  3 10:02:15 AM CST 2025
程序退出: Fri Oct  3 10:06:53 AM CST 2025
=== 飞镖检测程序启动: Fri Oct  3 09:17:04 AM CST 2025 ===
当前目录: /home/orangepi/Robogame/opencv/src
检查Python环境...
Python 3.10.12
sys.path= ['', '/home/orangepi/.local/lib/python3.10/site-packages', '/home/orangepi/Robogame/opencv/src', '/usr/lib/python310.zip', '/usr/lib/python3.10', '/usr/lib/python3.10/lib-dynload', '/usr/local/lib/python3.10/dist-packages', '/usr/lib/python3/dist-packages']
numpy检查通过
开始执行主程序: Fri Oct  3 09:17:20 AM CST 2025
=== 飞镖检测程序启动: Fri Oct  3 03:10:42 PM CST 2025 ===
当前目录: /home/orangepi/Robogame/opencv/src
检查Python环境...
Python 3.10.12
sys.path= ['', '/home/orangepi/.local/lib/python3.10/site-packages', '/home/orangepi/Robogame/opencv/src', '/usr/lib/python310.zip', '/usr/lib/python3.10', '/usr/lib/python3.10/lib-dynload', '/usr/local/lib/python3.10/dist-packages', '/usr/lib/python3/dist-packages']
numpy检查通过
开始执行主程序: Fri Oct  3 03:10:58 PM CST 2025
程序退出: Fri Oct  3 03:13:15 PM CST 2025
=== 飞镖检测程序启动: Fri Oct  3 04:20:26 PM CST 2025 ===
当前目录: /home/orangepi/Robogame/opencv/src
检查Python环境...
Python 3.10.12
sys.path= ['', '/home/orangepi/.local/lib/python3.10/site-packages', '/home/orangepi/Robogame/opencv/src', '/usr/lib/python310.zip', '/usr/lib/python3.10', '/usr/lib/python3.10/lib-dynload', '/usr/local/lib/python3.10/dist-packages', '/usr/lib/python3/dist-packages']
numpy检查通过
开始执行主程序: Fri Oct  3 04:20:41 PM CST 2025
程序退出: Fri Oct  3 04:22:19 PM CST 2025
=== 飞镖检测程序启动: Fri Oct  3 06:31:39 PM CST 2025 ===
当前目录: /home/orangepi/Robogame/opencv/src
检查Python环境...
Python 3.10.12
sys.path= ['', '/home/orangepi/.local/lib/python3.10/site-packages', '/home/orangepi/Robogame/opencv/src', '/usr/lib/python310.zip', '/usr/lib/python3.10', '/usr/lib/python3.10/lib-dynload', '/usr/local/lib/python3.10/dist-packages', '/usr/lib/python3/dist-packages']
numpy检查通过
开始执行主程序: Fri Oct  3 06:31:55 PM CST 2025
程序退出: Fri Oct  3 06:32:45 PM CST 2025
=== 飞镖检测程序启动: Fri Oct  3 07:03:37 PM CST 2025 ===
当前目录: /home/orangepi/Robogame/opencv/src
检查Python环境...
Python 3.10.12
sys.path= ['', '/home/orangepi/.local/lib/python3.10/site-packages', '/home/orangepi/Robogame/opencv/src', '/usr/lib/python310.zip', '/usr/lib/python3.10', '/usr/lib/python3.10/lib-dynload', '/usr/local/lib/python3.10/dist-packages', '/usr/lib/python3/dist-packages']
numpy检查通过
开始执行主程序: Fri Oct  3 07:03:52 PM CST 2025
程序退出: Fri Oct  3 07:03:53 PM CST 2025
=== 飞镖检测程序启动: Fri Oct  3 08:23:15 PM CST 2025 ===
当前目录: /home/orangepi/Robogame/opencv/src
检查Python环境...
Python 3.10.12
sys.path= ['', '/home/orangepi/.local/lib/python3.10/site-packages', '/home/orangepi/Robogame/opencv/src', '/usr/lib/python310.zip', '/usr/lib/python3.10', '/usr/lib/python3.10/lib-dynload', '/usr/local/lib/python3.10/dist-packages', '/usr/lib/python3/dist-packages']
numpy检查通过
开始执行主程序: Fri Oct  3 08:23:31 PM CST 2025
程序退出: Fri Oct  3 08:23:32 PM CST 2025
=== 飞镖检测程序启动: Fri Oct  3 03:17:04 PM CST 2025 ===
当前目录: /home/orangepi/Robogame/opencv/src
检查Python环境...
Python 3.10.12
sys.path= ['', '/home/orangepi/.local/lib/python3.10/site-packages', '/home/orangepi/Robogame/opencv/src', '/usr/lib/python310.zip', '/usr/lib/python3.10', '/usr/lib/python3.10/lib-dynload', '/usr/local/lib/python3.10/dist-packages', '/usr/lib/python3/dist-packages']
numpy检查通过
开始执行主程序: Fri Oct  3 03:17:20 PM CST 2025
程序退出: Sat Oct  4 10:06:43 AM CST 2025
=== 飞镖检测程序启动: Sat Oct  4 11:01:00 AM CST 2025 ===
当前目录: /home/orangepi/Robogame/opencv/src
检查Python环境...
Python 3.10.12
sys.path= ['', '/home/orangepi/.local/lib/python3.10/site-packages', '/home/orangepi/Robogame/opencv/src', '/usr/lib/python310.zip', '/usr/lib/python3.10', '/usr/lib/python3.10/lib-dynload', '/usr/local/lib/python3.10/dist-packages', '/usr/lib/python3/dist-packages']
numpy检查通过
开始执行主程序: Sat Oct  4 11:01:14 AM CST 2025
程序退出: Sat Oct  4 11:01:16 AM CST 2025
=== 飞镖检测程序启动: Sat Oct  4 11:17:04 AM CST 2025 ===
当前目录: /home/orangepi/Robogame/opencv/src
检查Python环境...
Python 3.10.12
sys.path= ['', '/home/orangepi/.local/lib/python3.10/site-packages', '/home/orangepi/Robogame/opencv/src', '/usr/lib/python310.zip', '/usr/lib/python3.10', '/usr/lib/python3.10/lib-dynload', '/usr/local/lib/python3.10/dist-packages', '/usr/lib/python3/dist-packages']
numpy检查通过
开始执行主程序: Sat Oct  4 11:17:19 AM CST 2025
程序退出: Sat Oct  4 11:17:20 AM CST 2025
=== 飞镖检测程序启动: Sat Oct  4 02:31:39 PM CST 2025 ===
当前目录: /home/orangepi/Robogame/opencv/src
检查Python环境...
Python 3.10.12
sys.path= ['', '/home/orangepi/.local/lib/python3.10/site-packages', '/home/orangepi/Robogame/opencv/src', '/usr/lib/python310.zip', '/usr/lib/python3.10', '/usr/lib/python3.10/lib-dynload', '/usr/local/lib/python3.10/dist-packages', '/usr/lib/python3/dist-packages']
numpy检查通过
开始执行主程序: Sat Oct  4 02:31:55 PM CST 2025
程序退出: Sat Oct  4 02:36:49 PM CST 2025
=== 飞镖检测程序启动: Sat Oct  4 11:17:04 AM CST 2025 ===
当前目录: /home/orangepi/Robogame/opencv/src
检查Python环境...
Python 3.10.12
sys.path= ['', '/home/orangepi/.local/lib/python3.10/site-packages', '/home/orangepi/Robogame/opencv/src', '/usr/lib/python310.zip', '/usr/lib/python3.10', '/usr/lib/python3.10/lib-dynload', '/usr/local/lib/python3.10/dist-packages', '/usr/lib/python3/dist-packages']
numpy检查通过
开始执行主程序: Sat Oct  4 11:17:20 AM CST 2025
程序退出: Sat Oct  4 11:17:21 AM CST 2025
